============================= test session starts =============================
platform win32 -- Python 3.12.10, pytest-9.0.1, pluggy-1.6.0 -- C:\Users\Nicolas\AppData\Local\Programs\Python\Python312\python.exe
cachedir: .pytest_cache
rootdir: d:\NICOLAS\1_PROJECTS\_IT_Projects\_AI_lead_magnit_bot
plugins: anyio-4.11.0, asyncio-1.3.0, cov-7.0.0, mock-3.15.1
asyncio: mode=Mode.STRICT, debug=False, asyncio_default_fixture_loop_scope=None, asyncio_default_test_loop_scope=function
collecting ... collected 12 items

tests/test_critical_bugs.py::test_process_gender_invalid_callback_data_missing_value PASSED [  8%]
tests/test_critical_bugs.py::test_process_gender_invalid_callback_data_wrong_value PASSED [ 16%]
tests/test_critical_bugs.py::test_process_gender_valid_callback_data PASSED [ 25%]
tests/test_critical_bugs.py::test_process_activity_invalid_callback_data PASSED [ 33%]
tests/test_critical_bugs.py::test_process_activity_invalid_value PASSED  [ 41%]
tests/test_critical_bugs.py::test_process_body_now_invalid_variant_id PASSED [ 50%]
tests/test_critical_bugs.py::test_process_body_ideal_missing_colon PASSED [ 58%]
tests/test_critical_bugs.py::test_process_tz_button_invalid_format PASSED [ 66%]
tests/test_critical_bugs.py::test_confirm_and_generate_missing_from_user PASSED [ 75%]
tests/test_critical_bugs.py::test_confirm_and_generate_db_failure_after_ai_generation PASSED [ 83%]
tests/test_critical_bugs.py::test_confirm_and_generate_prevents_double_click PASSED [ 91%]
tests/test_critical_bugs.py::test_confirm_and_generate_state_change_immediate PASSED [100%]

============================= 12 passed in 0.82s ==============================
